INFO 2025-08-20 19:11:07,961 serializers 60920 8513036032 Goal mapping: masa -> masa
INFO 2025-08-20 19:11:07,961 serializers 60920 8513036032 Level mapping: poczƒÖtkujƒÖcy -> poczƒÖtkujƒÖcy
INFO 2025-08-20 19:11:07,961 serializers 60920 8513036032 Equipment mapping: si≈Çownia -> si≈Çownia
INFO 2025-08-20 19:11:07,961 serializers 60920 8513036032 üèóÔ∏è CREATE - Rozpoczynam tworzenie u≈ºytkownika
INFO 2025-08-20 19:11:07,961 serializers 60920 8513036032 üìù Validated data: {'username': 'test_debug_1755709867', 'email': 'test_debug_1755709867@example.com', 'password': 'DebugPass123', 'password_confirm': 'DebugPass123', 'first_name': 'Debug User', 'goal': 'masa', 'level': 'poczƒÖtkujƒÖcy', 'training_days_per_week': 3, 'equipment_preference': 'si≈Çownia'}
INFO 2025-08-20 19:11:07,961 serializers 60920 8513036032 üîë Password extracted, confirm removed
INFO 2025-08-20 19:11:07,962 serializers 60920 8513036032 üìã Profile data: {'date_of_birth': None, 'goal': 'masa', 'level': 'poczƒÖtkujƒÖcy', 'training_days_per_week': 3, 'equipment_preference': 'si≈Çownia', 'first_name': 'Debug User'}
INFO 2025-08-20 19:11:07,962 serializers 60920 8513036032 üë§ Auth account data: {'username': 'test_debug_1755709867', 'email': 'test_debug_1755709867@example.com', 'first_name': 'Debug User'}
INFO 2025-08-20 19:11:07,962 serializers 60920 8513036032 üîÑ Rozpoczynam transakcjƒô...
INFO 2025-08-20 19:11:07,962 serializers 60920 8513036032 üèóÔ∏è Tworzƒô AuthAccount...
INFO 2025-08-20 19:11:07,966 serializers 60920 8513036032 ‚úÖ AuthAccount utworzone: ID=1501, username=test_debug_1755709867
INFO 2025-08-20 19:11:07,966 serializers 60920 8513036032 üîë Ustawiam has≈Ço...
INFO 2025-08-20 19:11:08,157 serializers 60920 8513036032 ‚úÖ Has≈Ço ustawione i zapisane
INFO 2025-08-20 19:11:08,157 serializers 60920 8513036032 üìã Tworzƒô UserProfile...
INFO 2025-08-20 19:11:08,160 serializers 60920 8513036032 ‚úÖ UserProfile utworzone: ID=1501
INFO 2025-08-20 19:11:08,161 serializers 60920 8513036032 üéâ Transakcja zako≈Ñczona sukcesem!
INFO 2025-08-20 19:51:53,481 serializers 62696 8513036032 üîç VALIDATE - otrzymane dane: {'username': 'test_user_1755712313', 'email': 'test_1755712313@example.com', 'password': 'TestPass123', 'password_confirm': 'TestPass123', 'first_name': 'Test', 'goal': 'masa', 'level': 'poczƒÖtkujƒÖcy', 'training_days_per_week': 3, 'equipment_preference': 'si≈Çownia'}
INFO 2025-08-20 19:51:53,487 serializers 62696 8513036032 ‚úÖ VALIDATE - walidacja przesz≈Ça pomy≈õlnie
INFO 2025-08-20 19:51:53,487 serializers 62696 8513036032 üèóÔ∏è CREATE - Rozpoczynam tworzenie u≈ºytkownika
INFO 2025-08-20 19:51:53,488 serializers 62696 8513036032 üìù Validated data: ['username', 'email', 'password', 'password_confirm', 'first_name', 'goal', 'level', 'training_days_per_week', 'equipment_preference']
INFO 2025-08-20 19:51:53,488 serializers 62696 8513036032 üìã Profile data: {'date_of_birth': None, 'goal': 'masa', 'level': 'poczƒÖtkujƒÖcy', 'training_days_per_week': 3, 'equipment_preference': 'si≈Çownia', 'first_name': 'Test'}
INFO 2025-08-20 19:51:53,488 serializers 62696 8513036032 üë§ Auth account data: {'username': 'test_user_1755712313', 'email': 'test_1755712313@example.com', 'first_name': 'Test'}
INFO 2025-08-20 19:51:53,488 serializers 62696 8513036032 üîÑ Rozpoczynam transakcjƒô atomowƒÖ...
INFO 2025-08-20 19:51:53,488 serializers 62696 8513036032 üóÑÔ∏è Wstawiam rekord do auth_accounts...
ERROR 2025-08-20 19:51:53,677 serializers 62696 8513036032 ‚ùå B≈ÇƒÖd w create(): column "password_hash" of relation "auth_accounts" does not exist
LINE 2: ...      INSERT INTO auth_accounts (username, email, password_h...
                                                             ^

ERROR 2025-08-20 19:51:53,678 serializers 62696 8513036032 ‚ùå Traceback: Traceback (most recent call last):
  File "/Library/Frameworks/Python.framework/Versions/3.12/lib/python3.12/site-packages/django/db/backends/utils.py", line 105, in _execute
    return self.cursor.execute(sql, params)
           ^^^^^^^^^^^^^^^^^^^^^^^^^^^^^^^^
psycopg2.errors.UndefinedColumn: column "password_hash" of relation "auth_accounts" does not exist
LINE 2: ...      INSERT INTO auth_accounts (username, email, password_h...
                                                             ^


The above exception was the direct cause of the following exception:

Traceback (most recent call last):
  File "/Users/piotr/Desktop/GitHub/Praca_inzynierska/Lasko_app/backend/accounts/serializers.py", line 113, in create
    cursor.execute("""
  File "/Library/Frameworks/Python.framework/Versions/3.12/lib/python3.12/site-packages/django/db/backends/utils.py", line 79, in execute
    return self._execute_with_wrappers(
           ^^^^^^^^^^^^^^^^^^^^^^^^^^^^
  File "/Library/Frameworks/Python.framework/Versions/3.12/lib/python3.12/site-packages/django/db/backends/utils.py", line 92, in _execute_with_wrappers
    return executor(sql, params, many, context)
           ^^^^^^^^^^^^^^^^^^^^^^^^^^^^^^^^^^^^
  File "/Library/Frameworks/Python.framework/Versions/3.12/lib/python3.12/site-packages/django/db/backends/utils.py", line 100, in _execute
    with self.db.wrap_database_errors:
         ^^^^^^^^^^^^^^^^^^^^^^^^^^^^
  File "/Library/Frameworks/Python.framework/Versions/3.12/lib/python3.12/site-packages/django/db/utils.py", line 91, in __exit__
    raise dj_exc_value.with_traceback(traceback) from exc_value
  File "/Library/Frameworks/Python.framework/Versions/3.12/lib/python3.12/site-packages/django/db/backends/utils.py", line 105, in _execute
    return self.cursor.execute(sql, params)
           ^^^^^^^^^^^^^^^^^^^^^^^^^^^^^^^^
django.db.utils.ProgrammingError: column "password_hash" of relation "auth_accounts" does not exist
LINE 2: ...      INSERT INTO auth_accounts (username, email, password_h...
                                                             ^


INFO 2025-08-20 19:54:30,111 serializers 62815 8513036032 üîç VALIDATE - otrzymane dane: {'username': 'final_test_1755712470', 'email': 'final_1755712470@test.com', 'password': 'FinalTest123', 'password_confirm': 'FinalTest123', 'first_name': 'Final Test', 'goal': 'masa', 'level': 'poczƒÖtkujƒÖcy', 'training_days_per_week': 4, 'equipment_preference': 'si≈Çownia'}
INFO 2025-08-20 19:54:30,113 serializers 62815 8513036032 ‚úÖ VALIDATE - walidacja przesz≈Ça pomy≈õlnie
INFO 2025-08-20 19:54:30,113 serializers 62815 8513036032 üèóÔ∏è CREATE - Rozpoczynam tworzenie u≈ºytkownika
INFO 2025-08-20 19:54:30,113 serializers 62815 8513036032 üìã Profile data: {'date_of_birth': None, 'goal': 'masa', 'level': 'poczƒÖtkujƒÖcy', 'training_days_per_week': 4, 'equipment_preference': 'si≈Çownia', 'first_name': 'Final Test'}
INFO 2025-08-20 19:54:30,113 serializers 62815 8513036032 üë§ Auth account data: {'username': 'final_test_1755712470', 'email': 'final_1755712470@test.com', 'first_name': 'Final Test'}
INFO 2025-08-20 19:54:30,114 serializers 62815 8513036032 üîÑ Rozpoczynam transakcjƒô atomowƒÖ...
INFO 2025-08-20 19:54:30,114 serializers 62815 8513036032 üóÑÔ∏è Wstawiam rekord do auth_accounts...
INFO 2025-08-20 19:54:30,310 serializers 62815 8513036032 ‚úÖ AuthAccount utworzone z ID: 1502
INFO 2025-08-20 19:54:30,312 serializers 62815 8513036032 ‚úÖ UserProfile utworzone z ID: 1502
INFO 2025-08-20 19:54:30,314 serializers 62815 8513036032 üéâ Transakcja zako≈Ñczona sukcesem!
INFO 2025-08-20 19:54:30,314 serializers 62815 8513036032 üë§ Utworzono u≈ºytkownika: final_test_1755712470
INFO 2025-08-21 15:13:07,023 autoreload 91533 8513036032 Watching for file changes with StatReloader
INFO 2025-08-21 15:13:09,285 basehttp 91533 6169882624 "GET / HTTP/1.1" 200 48
WARNING 2025-08-21 15:13:09,387 log 91533 6186708992 Not Found: /apple-touch-icon-precomposed.png
WARNING 2025-08-21 15:13:09,388 basehttp 91533 6186708992 "GET /apple-touch-icon-precomposed.png HTTP/1.1" 404 179
WARNING 2025-08-21 15:13:09,441 log 91533 6169882624 Not Found: /favicon.ico
WARNING 2025-08-21 15:13:09,442 basehttp 91533 6169882624 "GET /favicon.ico HTTP/1.1" 404 179
WARNING 2025-08-21 15:13:09,480 log 91533 6186708992 Not Found: /apple-touch-icon.png
WARNING 2025-08-21 15:13:09,480 basehttp 91533 6186708992 "GET /apple-touch-icon.png HTTP/1.1" 404 179
INFO 2025-09-26 18:05:16,497 views 67458 8513036032 [Recommendations] Engine loaded successfully
INFO 2025-09-26 18:09:25,036 views 68258 8513036032 [Recommendations] Engine loaded successfully
INFO 2025-09-26 18:09:25,419 views 68261 8513036032 [Recommendations] Engine loaded successfully
INFO 2025-09-26 18:09:25,789 views 68264 8513036032 [Recommendations] Engine loaded successfully
INFO 2025-09-26 18:09:45,057 views 68345 8513036032 [Recommendations] Engine loaded successfully
INFO 2025-09-26 18:09:48,203 views 68355 8513036032 [Recommendations] Engine loaded successfully
INFO 2025-09-26 18:09:48,575 views 68363 8513036032 [Recommendations] Engine loaded successfully
INFO 2025-09-26 18:09:48,985 views 68366 8513036032 [Recommendations] Engine loaded successfully
INFO 2025-09-26 18:40:19,331 views 69766 8513036032 [Recommendations] Engine loaded successfully
INFO 2025-09-26 19:05:35,597 views 7 281473010389024 [Recommendations] Engine loaded successfully
INFO 2025-09-26 19:05:36,949 views 1 281472916979744 [Recommendations] Engine loaded successfully
INFO 2025-09-26 19:05:39,739 views 8 281472885076000 [Recommendations] Engine loaded successfully
INFO 2025-09-26 19:05:41,050 views 10 281473699758112 [Recommendations] Engine loaded successfully
INFO 2025-09-26 19:05:41,642 views 11 281473634582560 [Recommendations] Engine loaded successfully
INFO 2025-09-26 19:05:42,234 views 12 281473438912544 [Recommendations] Engine loaded successfully
INFO 2025-09-26 19:05:43,069 views 13 281473250943008 [Recommendations] Engine loaded successfully
INFO 2025-09-26 19:05:44,158 autoreload 15 281472881999904 Watching for file changes with StatReloader
INFO 2025-09-26 19:05:44,182 views 15 281472881999904 [Recommendations] Engine loaded successfully
INFO 2025-09-26 19:06:42,501 basehttp 15 281472802025856 "GET / HTTP/1.1" 200 59
INFO 2025-09-26 19:21:55,209 views 8 281473112551456 [Recommendations] Engine loaded successfully
INFO 2025-09-26 19:21:56,478 views 1 281473534349344 [Recommendations] Engine loaded successfully
INFO 2025-09-26 19:21:58,921 views 8 281473518956576 [Recommendations] Engine loaded successfully
INFO 2025-09-26 19:22:00,185 views 10 281473351237664 [Recommendations] Engine loaded successfully
INFO 2025-09-26 19:22:00,931 views 11 281473723084832 [Recommendations] Engine loaded successfully
INFO 2025-09-26 19:22:01,619 views 12 281472831352864 [Recommendations] Engine loaded successfully
INFO 2025-09-26 19:22:02,240 views 13 281473615048736 [Recommendations] Engine loaded successfully
INFO 2025-09-26 19:22:03,290 autoreload 15 281473527402528 Watching for file changes with StatReloader
INFO 2025-09-26 19:22:03,312 views 15 281473527402528 [Recommendations] Engine loaded successfully
